==3427== Memcheck, a memory error detector
==3427== Copyright (C) 2002-2017, and GNU GPL'd, by Julian Seward et al.
==3427== Using Valgrind-3.13.0 and LibVEX; rerun with -h for copyright info
==3427== Command: ./hw13 inputs/test1.txt
==3427== Parent PID: 3426
==3427== 
--3427-- 
--3427-- Valgrind options:
--3427--    --tool=memcheck
--3427--    --verbose
--3427--    --leak-check=full
--3427--    --log-file=valgrind.log
--3427-- Contents of /proc/version:
--3427--   Linux version 4.15.0-36-generic (buildd@lgw01-amd64-031) (gcc version 7.3.0 (Ubuntu 7.3.0-16ubuntu3)) #39-Ubuntu SMP Mon Sep 24 16:19:09 UTC 2018
--3427-- 
--3427-- Arch and hwcaps: AMD64, LittleEndian, amd64-cx16-lzcnt-rdtscp-sse3-avx-avx2-bmi
--3427-- Page sizes: currently 4096, max supported 4096
--3427-- Valgrind library directory: /usr/lib/valgrind
--3427-- Reading syms from /home/kefecik/code/ECE264/solutions/HW13/hw13
--3427-- Reading syms from /lib/x86_64-linux-gnu/ld-2.27.so
--3427--   Considering /lib/x86_64-linux-gnu/ld-2.27.so ..
--3427--   .. CRC mismatch (computed 1b7c895e wanted 2943108a)
--3427--   Considering /usr/lib/debug/lib/x86_64-linux-gnu/ld-2.27.so ..
--3427--   .. CRC is valid
--3427-- Reading syms from /usr/lib/valgrind/memcheck-amd64-linux
--3427--   Considering /usr/lib/valgrind/memcheck-amd64-linux ..
--3427--   .. CRC mismatch (computed 62965bbf wanted eeb84137)
--3427--    object doesn't have a symbol table
--3427--    object doesn't have a dynamic symbol table
--3427-- Scheduler: using generic scheduler lock implementation.
--3427-- Reading suppressions file: /usr/lib/valgrind/default.supp
==3427== embedded gdbserver: reading from /tmp/vgdb-pipe-from-vgdb-to-3427-by-kefecik-on-???
==3427== embedded gdbserver: writing to   /tmp/vgdb-pipe-to-vgdb-from-3427-by-kefecik-on-???
==3427== embedded gdbserver: shared mem   /tmp/vgdb-pipe-shared-mem-vgdb-3427-by-kefecik-on-???
==3427== 
==3427== TO CONTROL THIS PROCESS USING vgdb (which you probably
==3427== don't want to do, unless you know exactly what you're doing,
==3427== or are doing some strange experiment):
==3427==   /usr/lib/valgrind/../../bin/vgdb --pid=3427 ...command...
==3427== 
==3427== TO DEBUG THIS PROCESS USING GDB: start GDB like this
==3427==   /path/to/gdb ./hw13
==3427== and then give GDB the following command
==3427==   target remote | /usr/lib/valgrind/../../bin/vgdb --pid=3427
==3427== --pid is optional if only one valgrind process is running
==3427== 
--3427-- REDIR: 0x401f2f0 (ld-linux-x86-64.so.2:strlen) redirected to 0x58060901 (???)
--3427-- REDIR: 0x401f0d0 (ld-linux-x86-64.so.2:index) redirected to 0x5806091b (???)
--3427-- Reading syms from /usr/lib/valgrind/vgpreload_core-amd64-linux.so
--3427--   Considering /usr/lib/valgrind/vgpreload_core-amd64-linux.so ..
--3427--   .. CRC mismatch (computed 13d5e98a wanted 1786ecf1)
--3427--    object doesn't have a symbol table
--3427-- Reading syms from /usr/lib/valgrind/vgpreload_memcheck-amd64-linux.so
--3427--   Considering /usr/lib/valgrind/vgpreload_memcheck-amd64-linux.so ..
--3427--   .. CRC mismatch (computed 8f77ef36 wanted fcbde737)
--3427--    object doesn't have a symbol table
==3427== WARNING: new redirection conflicts with existing -- ignoring it
--3427--     old: 0x0401f2f0 (strlen              ) R-> (0000.0) 0x58060901 ???
--3427--     new: 0x0401f2f0 (strlen              ) R-> (2007.0) 0x04c32db0 strlen
--3427-- REDIR: 0x401d360 (ld-linux-x86-64.so.2:strcmp) redirected to 0x4c33ee0 (strcmp)
--3427-- REDIR: 0x401f830 (ld-linux-x86-64.so.2:mempcpy) redirected to 0x4c374f0 (mempcpy)
--3427-- Reading syms from /lib/x86_64-linux-gnu/libc-2.27.so
--3427--   Considering /lib/x86_64-linux-gnu/libc-2.27.so ..
--3427--   .. CRC mismatch (computed b1c74187 wanted 042cc048)
--3427--   Considering /usr/lib/debug/lib/x86_64-linux-gnu/libc-2.27.so ..
--3427--   .. CRC is valid
--3427-- REDIR: 0x4edac70 (libc.so.6:memmove) redirected to 0x4a2a6e0 (_vgnU_ifunc_wrapper)
--3427-- REDIR: 0x4ed9d40 (libc.so.6:strncpy) redirected to 0x4a2a6e0 (_vgnU_ifunc_wrapper)
--3427-- REDIR: 0x4edaf50 (libc.so.6:strcasecmp) redirected to 0x4a2a6e0 (_vgnU_ifunc_wrapper)
--3427-- REDIR: 0x4ed9790 (libc.so.6:strcat) redirected to 0x4a2a6e0 (_vgnU_ifunc_wrapper)
--3427-- REDIR: 0x4ed9d70 (libc.so.6:rindex) redirected to 0x4a2a6e0 (_vgnU_ifunc_wrapper)
--3427-- REDIR: 0x4edc7c0 (libc.so.6:rawmemchr) redirected to 0x4a2a6e0 (_vgnU_ifunc_wrapper)
--3427-- REDIR: 0x4edade0 (libc.so.6:mempcpy) redirected to 0x4a2a6e0 (_vgnU_ifunc_wrapper)
--3427-- REDIR: 0x4edac10 (libc.so.6:bcmp) redirected to 0x4a2a6e0 (_vgnU_ifunc_wrapper)
--3427-- REDIR: 0x4ed9d00 (libc.so.6:strncmp) redirected to 0x4a2a6e0 (_vgnU_ifunc_wrapper)
--3427-- REDIR: 0x4ed9800 (libc.so.6:strcmp) redirected to 0x4a2a6e0 (_vgnU_ifunc_wrapper)
--3427-- REDIR: 0x4edad40 (libc.so.6:memset) redirected to 0x4a2a6e0 (_vgnU_ifunc_wrapper)
--3427-- REDIR: 0x4ef80f0 (libc.so.6:wcschr) redirected to 0x4a2a6e0 (_vgnU_ifunc_wrapper)
--3427-- REDIR: 0x4ed9ca0 (libc.so.6:strnlen) redirected to 0x4a2a6e0 (_vgnU_ifunc_wrapper)
--3427-- REDIR: 0x4ed9870 (libc.so.6:strcspn) redirected to 0x4a2a6e0 (_vgnU_ifunc_wrapper)
--3427-- REDIR: 0x4edafa0 (libc.so.6:strncasecmp) redirected to 0x4a2a6e0 (_vgnU_ifunc_wrapper)
--3427-- REDIR: 0x4ed9840 (libc.so.6:strcpy) redirected to 0x4a2a6e0 (_vgnU_ifunc_wrapper)
--3427-- REDIR: 0x4edb0e0 (libc.so.6:memcpy@@GLIBC_2.14) redirected to 0x4a2a6e0 (_vgnU_ifunc_wrapper)
--3427-- REDIR: 0x4ed9da0 (libc.so.6:strpbrk) redirected to 0x4a2a6e0 (_vgnU_ifunc_wrapper)
--3427-- REDIR: 0x4ed97c0 (libc.so.6:index) redirected to 0x4a2a6e0 (_vgnU_ifunc_wrapper)
--3427-- REDIR: 0x4ed9c70 (libc.so.6:strlen) redirected to 0x4a2a6e0 (_vgnU_ifunc_wrapper)
--3427-- REDIR: 0x4ee46c0 (libc.so.6:memrchr) redirected to 0x4a2a6e0 (_vgnU_ifunc_wrapper)
--3427-- REDIR: 0x4edaff0 (libc.so.6:strcasecmp_l) redirected to 0x4a2a6e0 (_vgnU_ifunc_wrapper)
--3427-- REDIR: 0x4edabe0 (libc.so.6:memchr) redirected to 0x4a2a6e0 (_vgnU_ifunc_wrapper)
--3427-- REDIR: 0x4ef8eb0 (libc.so.6:wcslen) redirected to 0x4a2a6e0 (_vgnU_ifunc_wrapper)
--3427-- REDIR: 0x4eda050 (libc.so.6:strspn) redirected to 0x4a2a6e0 (_vgnU_ifunc_wrapper)
--3427-- REDIR: 0x4edaf20 (libc.so.6:stpncpy) redirected to 0x4a2a6e0 (_vgnU_ifunc_wrapper)
--3427-- REDIR: 0x4edaef0 (libc.so.6:stpcpy) redirected to 0x4a2a6e0 (_vgnU_ifunc_wrapper)
--3427-- REDIR: 0x4edc7f0 (libc.so.6:strchrnul) redirected to 0x4a2a6e0 (_vgnU_ifunc_wrapper)
--3427-- REDIR: 0x4edb040 (libc.so.6:strncasecmp_l) redirected to 0x4a2a6e0 (_vgnU_ifunc_wrapper)
--3427-- REDIR: 0x4fca3c0 (libc.so.6:__strrchr_avx2) redirected to 0x4c32730 (rindex)
--3427-- REDIR: 0x4ed3070 (libc.so.6:malloc) redirected to 0x4c2faa0 (malloc)
--3427-- REDIR: 0x4eda590 (libc.so.6:__GI_strstr) redirected to 0x4c37760 (__strstr_sse2)
--3427-- REDIR: 0x4ed3950 (libc.so.6:free) redirected to 0x4c30cd0 (free)
--3427-- REDIR: 0x4fca1d0 (libc.so.6:__strchrnul_avx2) redirected to 0x4c37020 (strchrnul)
--3427-- REDIR: 0x4fcaab0 (libc.so.6:__mempcpy_avx_unaligned_erms) redirected to 0x4c37130 (mempcpy)
==3427== 
==3427== HEAP SUMMARY:
==3427==     in use at exit: 0 bytes in 0 blocks
==3427==   total heap usage: 19 allocs, 19 frees, 5,972 bytes allocated
==3427== 
==3427== All heap blocks were freed -- no leaks are possible
==3427== 
==3427== ERROR SUMMARY: 0 errors from 0 contexts (suppressed: 0 from 0)
==3427== ERROR SUMMARY: 0 errors from 0 contexts (suppressed: 0 from 0)
