==24709== Memcheck, a memory error detector
==24709== Copyright (C) 2002-2017, and GNU GPL'd, by Julian Seward et al.
==24709== Using Valgrind-3.13.0 and LibVEX; rerun with -h for copyright info
==24709== Command: ./hw16 inputs/tree1/test1.txt inputs/tree2/test1.txt
==24709== Parent PID: 24708
==24709== 
--24709-- 
--24709-- Valgrind options:
--24709--    --tool=memcheck
--24709--    --verbose
--24709--    --leak-check=full
--24709--    --log-file=valgrind.log
--24709-- Contents of /proc/version:
--24709--   Linux version 4.15.0-38-generic (buildd@lcy01-amd64-023) (gcc version 7.3.0 (Ubuntu 7.3.0-16ubuntu3)) #41-Ubuntu SMP Wed Oct 10 10:59:38 UTC 2018
--24709-- 
--24709-- Arch and hwcaps: AMD64, LittleEndian, amd64-cx16-lzcnt-rdtscp-sse3-avx-avx2-bmi
--24709-- Page sizes: currently 4096, max supported 4096
--24709-- Valgrind library directory: /usr/lib/valgrind
--24709-- Reading syms from /home/kefecik/code/ECE264/solutions/HW16/hw16
--24709-- Reading syms from /lib/x86_64-linux-gnu/ld-2.27.so
--24709--   Considering /lib/x86_64-linux-gnu/ld-2.27.so ..
--24709--   .. CRC mismatch (computed 1b7c895e wanted 2943108a)
--24709--   Considering /usr/lib/debug/lib/x86_64-linux-gnu/ld-2.27.so ..
--24709--   .. CRC is valid
--24709-- Reading syms from /usr/lib/valgrind/memcheck-amd64-linux
--24709--   Considering /usr/lib/valgrind/memcheck-amd64-linux ..
--24709--   .. CRC mismatch (computed c25f395c wanted 0a9602a8)
--24709--    object doesn't have a symbol table
--24709--    object doesn't have a dynamic symbol table
--24709-- Scheduler: using generic scheduler lock implementation.
--24709-- Reading suppressions file: /usr/lib/valgrind/default.supp
==24709== embedded gdbserver: reading from /tmp/vgdb-pipe-from-vgdb-to-24709-by-kefecik-on-???
==24709== embedded gdbserver: writing to   /tmp/vgdb-pipe-to-vgdb-from-24709-by-kefecik-on-???
==24709== embedded gdbserver: shared mem   /tmp/vgdb-pipe-shared-mem-vgdb-24709-by-kefecik-on-???
==24709== 
==24709== TO CONTROL THIS PROCESS USING vgdb (which you probably
==24709== don't want to do, unless you know exactly what you're doing,
==24709== or are doing some strange experiment):
==24709==   /usr/lib/valgrind/../../bin/vgdb --pid=24709 ...command...
==24709== 
==24709== TO DEBUG THIS PROCESS USING GDB: start GDB like this
==24709==   /path/to/gdb ./hw16
==24709== and then give GDB the following command
==24709==   target remote | /usr/lib/valgrind/../../bin/vgdb --pid=24709
==24709== --pid is optional if only one valgrind process is running
==24709== 
--24709-- REDIR: 0x401f2f0 (ld-linux-x86-64.so.2:strlen) redirected to 0x58060901 (???)
--24709-- REDIR: 0x401f0d0 (ld-linux-x86-64.so.2:index) redirected to 0x5806091b (???)
--24709-- Reading syms from /usr/lib/valgrind/vgpreload_core-amd64-linux.so
--24709--   Considering /usr/lib/valgrind/vgpreload_core-amd64-linux.so ..
--24709--   .. CRC mismatch (computed 4b63d83e wanted 670599e6)
--24709--    object doesn't have a symbol table
--24709-- Reading syms from /usr/lib/valgrind/vgpreload_memcheck-amd64-linux.so
--24709--   Considering /usr/lib/valgrind/vgpreload_memcheck-amd64-linux.so ..
--24709--   .. CRC mismatch (computed a4b37bee wanted 8ad4dc94)
--24709--    object doesn't have a symbol table
==24709== WARNING: new redirection conflicts with existing -- ignoring it
--24709--     old: 0x0401f2f0 (strlen              ) R-> (0000.0) 0x58060901 ???
--24709--     new: 0x0401f2f0 (strlen              ) R-> (2007.0) 0x04c32db0 strlen
--24709-- REDIR: 0x401d360 (ld-linux-x86-64.so.2:strcmp) redirected to 0x4c33ee0 (strcmp)
--24709-- REDIR: 0x401f830 (ld-linux-x86-64.so.2:mempcpy) redirected to 0x4c374f0 (mempcpy)
--24709-- Reading syms from /lib/x86_64-linux-gnu/libc-2.27.so
--24709--   Considering /lib/x86_64-linux-gnu/libc-2.27.so ..
--24709--   .. CRC mismatch (computed b1c74187 wanted 042cc048)
--24709--   Considering /usr/lib/debug/lib/x86_64-linux-gnu/libc-2.27.so ..
--24709--   .. CRC is valid
--24709-- REDIR: 0x4edac70 (libc.so.6:memmove) redirected to 0x4a2a6e0 (_vgnU_ifunc_wrapper)
--24709-- REDIR: 0x4ed9d40 (libc.so.6:strncpy) redirected to 0x4a2a6e0 (_vgnU_ifunc_wrapper)
--24709-- REDIR: 0x4edaf50 (libc.so.6:strcasecmp) redirected to 0x4a2a6e0 (_vgnU_ifunc_wrapper)
--24709-- REDIR: 0x4ed9790 (libc.so.6:strcat) redirected to 0x4a2a6e0 (_vgnU_ifunc_wrapper)
--24709-- REDIR: 0x4ed9d70 (libc.so.6:rindex) redirected to 0x4a2a6e0 (_vgnU_ifunc_wrapper)
--24709-- REDIR: 0x4edc7c0 (libc.so.6:rawmemchr) redirected to 0x4a2a6e0 (_vgnU_ifunc_wrapper)
--24709-- REDIR: 0x4edade0 (libc.so.6:mempcpy) redirected to 0x4a2a6e0 (_vgnU_ifunc_wrapper)
--24709-- REDIR: 0x4edac10 (libc.so.6:bcmp) redirected to 0x4a2a6e0 (_vgnU_ifunc_wrapper)
--24709-- REDIR: 0x4ed9d00 (libc.so.6:strncmp) redirected to 0x4a2a6e0 (_vgnU_ifunc_wrapper)
--24709-- REDIR: 0x4ed9800 (libc.so.6:strcmp) redirected to 0x4a2a6e0 (_vgnU_ifunc_wrapper)
--24709-- REDIR: 0x4edad40 (libc.so.6:memset) redirected to 0x4a2a6e0 (_vgnU_ifunc_wrapper)
--24709-- REDIR: 0x4ef80f0 (libc.so.6:wcschr) redirected to 0x4a2a6e0 (_vgnU_ifunc_wrapper)
--24709-- REDIR: 0x4ed9ca0 (libc.so.6:strnlen) redirected to 0x4a2a6e0 (_vgnU_ifunc_wrapper)
--24709-- REDIR: 0x4ed9870 (libc.so.6:strcspn) redirected to 0x4a2a6e0 (_vgnU_ifunc_wrapper)
--24709-- REDIR: 0x4edafa0 (libc.so.6:strncasecmp) redirected to 0x4a2a6e0 (_vgnU_ifunc_wrapper)
--24709-- REDIR: 0x4ed9840 (libc.so.6:strcpy) redirected to 0x4a2a6e0 (_vgnU_ifunc_wrapper)
--24709-- REDIR: 0x4edb0e0 (libc.so.6:memcpy@@GLIBC_2.14) redirected to 0x4a2a6e0 (_vgnU_ifunc_wrapper)
--24709-- REDIR: 0x4ed9da0 (libc.so.6:strpbrk) redirected to 0x4a2a6e0 (_vgnU_ifunc_wrapper)
--24709-- REDIR: 0x4ed97c0 (libc.so.6:index) redirected to 0x4a2a6e0 (_vgnU_ifunc_wrapper)
--24709-- REDIR: 0x4ed9c70 (libc.so.6:strlen) redirected to 0x4a2a6e0 (_vgnU_ifunc_wrapper)
--24709-- REDIR: 0x4ee46c0 (libc.so.6:memrchr) redirected to 0x4a2a6e0 (_vgnU_ifunc_wrapper)
--24709-- REDIR: 0x4edaff0 (libc.so.6:strcasecmp_l) redirected to 0x4a2a6e0 (_vgnU_ifunc_wrapper)
--24709-- REDIR: 0x4edabe0 (libc.so.6:memchr) redirected to 0x4a2a6e0 (_vgnU_ifunc_wrapper)
--24709-- REDIR: 0x4ef8eb0 (libc.so.6:wcslen) redirected to 0x4a2a6e0 (_vgnU_ifunc_wrapper)
--24709-- REDIR: 0x4eda050 (libc.so.6:strspn) redirected to 0x4a2a6e0 (_vgnU_ifunc_wrapper)
--24709-- REDIR: 0x4edaf20 (libc.so.6:stpncpy) redirected to 0x4a2a6e0 (_vgnU_ifunc_wrapper)
--24709-- REDIR: 0x4edaef0 (libc.so.6:stpcpy) redirected to 0x4a2a6e0 (_vgnU_ifunc_wrapper)
--24709-- REDIR: 0x4edc7f0 (libc.so.6:strchrnul) redirected to 0x4a2a6e0 (_vgnU_ifunc_wrapper)
--24709-- REDIR: 0x4edb040 (libc.so.6:strncasecmp_l) redirected to 0x4a2a6e0 (_vgnU_ifunc_wrapper)
--24709-- REDIR: 0x4fca3c0 (libc.so.6:__strrchr_avx2) redirected to 0x4c32730 (rindex)
--24709-- REDIR: 0x4ed3070 (libc.so.6:malloc) redirected to 0x4c2faa0 (malloc)
--24709-- REDIR: 0x4eda590 (libc.so.6:__GI_strstr) redirected to 0x4c37760 (__strstr_sse2)
--24709-- REDIR: 0x4ed3950 (libc.so.6:free) redirected to 0x4c30cd0 (free)
--24709-- REDIR: 0x4fca590 (libc.so.6:__strlen_avx2) redirected to 0x4c32cf0 (strlen)
--24709-- REDIR: 0x4fcaab0 (libc.so.6:__mempcpy_avx_unaligned_erms) redirected to 0x4c37130 (mempcpy)
==24709== 
==24709== HEAP SUMMARY:
==24709==     in use at exit: 0 bytes in 0 blocks
==24709==   total heap usage: 27 allocs, 27 frees, 10,880 bytes allocated
==24709== 
==24709== All heap blocks were freed -- no leaks are possible
==24709== 
==24709== ERROR SUMMARY: 0 errors from 0 contexts (suppressed: 0 from 0)
==24709== ERROR SUMMARY: 0 errors from 0 contexts (suppressed: 0 from 0)
