==7164== Memcheck, a memory error detector
==7164== Copyright (C) 2002-2012, and GNU GPL'd, by Julian Seward et al.
==7164== Using Valgrind-3.8.1 and LibVEX; rerun with -h for copyright info
==7164== Command: ./shuf
==7164== Parent PID: 7163
==7164== 
--7164-- 
--7164-- Valgrind options:
--7164--    --tool=memcheck
--7164--    --verbose
--7164--    --log-file=./valgrind.log
--7164-- Contents of /proc/version:
--7164--   Linux version 2.6.32-754.3.5.el6.x86_64 (mockbuild@x86-042.build.eng.bos.redhat.com) (gcc version 4.4.7 20120313 (Red Hat 4.4.7-23) (GCC) ) #1 SMP Thu Aug 9 11:56:22 EDT 2018
--7164-- Arch and hwcaps: AMD64, amd64-sse3-cx16-lzcnt-avx2-bmi
--7164-- Page sizes: currently 4096, max supported 4096
--7164-- Valgrind library directory: /usr/lib64/valgrind
--7164-- Reading syms from /home/shay/a/kefecik/Desktop/ECE264/solutions/HW09/shuf
--7164-- Reading syms from /usr/lib64/valgrind/memcheck-amd64-linux
--7164--    object doesn't have a dynamic symbol table
--7164-- Reading syms from /lib64/ld-2.12.so
--7164-- Scheduler: using generic scheduler lock implementation.
--7164-- Reading suppressions file: /usr/lib64/valgrind/default.supp
==7164== embedded gdbserver: reading from /tmp/vgdb-pipe-from-vgdb-to-7164-by-kefecik-on-ee207lnx13.ecn.purdue.edu
==7164== embedded gdbserver: writing to   /tmp/vgdb-pipe-to-vgdb-from-7164-by-kefecik-on-ee207lnx13.ecn.purdue.edu
==7164== embedded gdbserver: shared mem   /tmp/vgdb-pipe-shared-mem-vgdb-7164-by-kefecik-on-ee207lnx13.ecn.purdue.edu
==7164== 
==7164== TO CONTROL THIS PROCESS USING vgdb (which you probably
==7164== don't want to do, unless you know exactly what you're doing,
==7164== or are doing some strange experiment):
==7164==   /usr/lib64/valgrind/../../bin/vgdb --pid=7164 ...command...
==7164== 
==7164== TO DEBUG THIS PROCESS USING GDB: start GDB like this
==7164==   /path/to/gdb ./shuf
==7164== and then give GDB the following command
==7164==   target remote | /usr/lib64/valgrind/../../bin/vgdb --pid=7164
==7164== --pid is optional if only one valgrind process is running
==7164== 
--7164-- REDIR: 0x3aae417f90 (strlen) redirected to 0x38049551 (vgPlain_amd64_linux_REDIR_FOR_strlen)
--7164-- Reading syms from /usr/lib64/valgrind/vgpreload_core-amd64-linux.so
--7164-- Reading syms from /usr/lib64/valgrind/vgpreload_memcheck-amd64-linux.so
--7164-- REDIR: 0x3aae417da0 (index) redirected to 0x4a07c30 (index)
--7164-- REDIR: 0x3aae417e20 (strcmp) redirected to 0x4a08570 (strcmp)
--7164-- Reading syms from /lib64/libc-2.12.so
--7164-- REDIR: 0x3aae884d10 (strcasecmp) redirected to 0x480155c (_vgnU_ifunc_wrapper)
--7164-- REDIR: 0x3aae886fd0 (strncasecmp) redirected to 0x480155c (_vgnU_ifunc_wrapper)
--7164-- REDIR: 0x3aae882c80 (__GI_strrchr) redirected to 0x4a07ab0 (__GI_strrchr)
--7164-- REDIR: 0x3aae88ab30 (strchrnul) redirected to 0x4a09fb0 (strchrnul)
--7164-- REDIR: 0x3aae87b8b0 (free) redirected to 0x4a063a9 (free)
==7164== 
==7164== HEAP SUMMARY:
==7164==     in use at exit: 0 bytes in 0 blocks
==7164==   total heap usage: 0 allocs, 0 frees, 0 bytes allocated
==7164== 
==7164== All heap blocks were freed -- no leaks are possible
==7164== 
==7164== ERROR SUMMARY: 0 errors from 0 contexts (suppressed: 8 from 6)
--7164-- 
--7164-- used_suppression:      4 U1004-ARM-_dl_relocate_object
--7164-- used_suppression:      4 glibc-2.5.x-on-SUSE-10.2-(PPC)-2a
==7164== 
==7164== ERROR SUMMARY: 0 errors from 0 contexts (suppressed: 8 from 6)
